0 info it worked if it ends with ok
1 verbose cli [ '/usr/bin/node',
1 verbose cli   '/usr/bin/npm',
1 verbose cli   'install',
1 verbose cli   '-g',
1 verbose cli   'grunt-cli',
1 verbose cli   'karma' ]
2 info using npm@1.4.28
3 info using node@v0.10.37
4 verbose node symlink /usr/bin/node
5 verbose cache add [ 'grunt-cli', null ]
6 verbose cache add name=undefined spec="grunt-cli" args=["grunt-cli",null]
7 verbose parsed url { protocol: null,
7 verbose parsed url   slashes: null,
7 verbose parsed url   auth: null,
7 verbose parsed url   host: null,
7 verbose parsed url   port: null,
7 verbose parsed url   hostname: null,
7 verbose parsed url   hash: null,
7 verbose parsed url   search: null,
7 verbose parsed url   query: null,
7 verbose parsed url   pathname: 'grunt-cli',
7 verbose parsed url   path: 'grunt-cli',
7 verbose parsed url   href: 'grunt-cli' }
8 verbose cache add [ 'karma', null ]
9 verbose cache add name=undefined spec="karma" args=["karma",null]
10 verbose parsed url { protocol: null,
10 verbose parsed url   slashes: null,
10 verbose parsed url   auth: null,
10 verbose parsed url   host: null,
10 verbose parsed url   port: null,
10 verbose parsed url   hostname: null,
10 verbose parsed url   hash: null,
10 verbose parsed url   search: null,
10 verbose parsed url   query: null,
10 verbose parsed url   pathname: 'karma',
10 verbose parsed url   path: 'karma',
10 verbose parsed url   href: 'karma' }
11 silly lockFile 671ef8ac-grunt-cli grunt-cli
12 verbose lock grunt-cli /home/csaldanha/.npm/671ef8ac-grunt-cli.lock
13 silly lockFile 512423cb-karma karma
14 verbose lock karma /home/csaldanha/.npm/512423cb-karma.lock
15 silly lockFile 671ef8ac-grunt-cli grunt-cli
16 silly lockFile 671ef8ac-grunt-cli grunt-cli
17 silly lockFile 512423cb-karma karma
18 silly lockFile 512423cb-karma karma
19 verbose addNamed [ 'grunt-cli', '' ]
20 verbose addNamed [ null, '*' ]
21 silly lockFile d63f3d0b-grunt-cli grunt-cli@
22 verbose lock grunt-cli@ /home/csaldanha/.npm/d63f3d0b-grunt-cli.lock
23 verbose addNamed [ 'karma', '' ]
24 verbose addNamed [ null, '*' ]
25 silly lockFile cd7961bb-karma karma@
26 verbose lock karma@ /home/csaldanha/.npm/cd7961bb-karma.lock
27 silly addNameRange { name: 'grunt-cli', range: '*', hasData: false }
28 silly addNameRange { name: 'karma', range: '*', hasData: false }
29 verbose request where is /grunt-cli
30 verbose request registry https://registry.npmjs.org/
31 verbose request id c68d7068d5e24e0b
32 verbose url raw /grunt-cli
33 verbose url resolving [ 'https://registry.npmjs.org/', './grunt-cli' ]
34 verbose url resolved https://registry.npmjs.org/grunt-cli
35 verbose request where is https://registry.npmjs.org/grunt-cli
36 info trying registry request attempt 1 at 20:30:54
37 verbose etag "O4ILQO6EIKX7WLPW1J4C3SNS"
38 http GET https://registry.npmjs.org/grunt-cli
39 verbose request where is /karma
40 verbose request registry https://registry.npmjs.org/
41 verbose url raw /karma
42 verbose url resolving [ 'https://registry.npmjs.org/', './karma' ]
43 verbose url resolved https://registry.npmjs.org/karma
44 verbose request where is https://registry.npmjs.org/karma
45 info trying registry request attempt 1 at 20:30:54
46 verbose etag "B7LINNUXU6WH5F6UUAQEZHA6T"
47 http GET https://registry.npmjs.org/karma
48 http 200 https://registry.npmjs.org/grunt-cli
49 silly registry.get cb [ 200,
49 silly registry.get   { server: 'CouchDB/1.5.0 (Erlang OTP/R16B03)',
49 silly registry.get     etag: '"4TFBYKXCD95BK64I4GZUHSZAP"',
49 silly registry.get     'content-type': 'application/json',
49 silly registry.get     'content-encoding': 'gzip',
49 silly registry.get     'cache-control': 'max-age=300',
49 silly registry.get     'content-length': '5907',
49 silly registry.get     'accept-ranges': 'bytes',
49 silly registry.get     date: 'Tue, 05 Jul 2016 00:30:52 GMT',
49 silly registry.get     via: '1.1 varnish',
49 silly registry.get     age: '0',
49 silly registry.get     connection: 'keep-alive',
49 silly registry.get     'x-served-by': 'cache-atl6229-ATL',
49 silly registry.get     'x-cache': 'HIT',
49 silly registry.get     'x-cache-hits': '1',
49 silly registry.get     'x-timer': 'S1467678652.783797,VS0,VE127',
49 silly registry.get     vary: 'Accept-Encoding' } ]
50 silly addNameRange number 2 { name: 'grunt-cli', range: '*', hasData: true }
51 silly addNameRange versions [ 'grunt-cli',
51 silly addNameRange   [ '0.1.0',
51 silly addNameRange     '0.1.1',
51 silly addNameRange     '0.1.2',
51 silly addNameRange     '0.1.3',
51 silly addNameRange     '0.1.4',
51 silly addNameRange     '0.1.5',
51 silly addNameRange     '0.1.6',
51 silly addNameRange     '0.1.7',
51 silly addNameRange     '0.1.8',
51 silly addNameRange     '0.1.9',
51 silly addNameRange     '0.1.10',
51 silly addNameRange     '0.1.11',
51 silly addNameRange     '0.1.12',
51 silly addNameRange     '0.1.13',
51 silly addNameRange     '1.0.0-rc1',
51 silly addNameRange     '1.0.0',
51 silly addNameRange     '1.0.1',
51 silly addNameRange     '1.1.0',
51 silly addNameRange     '1.2.0' ] ]
52 verbose addNamed [ 'grunt-cli', '1.2.0' ]
53 verbose addNamed [ '1.2.0', '1.2.0' ]
54 silly lockFile 923e46ff-grunt-cli-1-2-0 grunt-cli@1.2.0
55 verbose lock grunt-cli@1.2.0 /home/csaldanha/.npm/923e46ff-grunt-cli-1-2-0.lock
56 silly lockFile 923e46ff-grunt-cli-1-2-0 grunt-cli@1.2.0
57 silly lockFile 923e46ff-grunt-cli-1-2-0 grunt-cli@1.2.0
58 silly lockFile d63f3d0b-grunt-cli grunt-cli@
59 silly lockFile d63f3d0b-grunt-cli grunt-cli@
60 http 200 https://registry.npmjs.org/karma
61 silly registry.get cb [ 200,
61 silly registry.get   { server: 'CouchDB/1.6.1 (Erlang OTP/R16B03)',
61 silly registry.get     etag: '"10RV6E4K8OOBFFQ9MQUH8AIS0"',
61 silly registry.get     'content-type': 'application/json',
61 silly registry.get     'content-encoding': 'gzip',
61 silly registry.get     'cache-control': 'max-age=300',
61 silly registry.get     'content-length': '117295',
61 silly registry.get     'accept-ranges': 'bytes',
61 silly registry.get     date: 'Tue, 05 Jul 2016 00:30:52 GMT',
61 silly registry.get     via: '1.1 varnish',
61 silly registry.get     age: '0',
61 silly registry.get     connection: 'keep-alive',
61 silly registry.get     'x-served-by': 'cache-atl6248-ATL',
61 silly registry.get     'x-cache': 'HIT',
61 silly registry.get     'x-cache-hits': '1',
61 silly registry.get     'x-timer': 'S1467678652.789155,VS0,VE127',
61 silly registry.get     vary: 'Accept-Encoding' } ]
62 silly addNameRange number 2 { name: 'karma', range: '*', hasData: true }
63 silly addNameRange versions [ 'karma',
63 silly addNameRange   [ '0.8.0',
63 silly addNameRange     '0.9.0-dart',
63 silly addNameRange     '0.8.1',
63 silly addNameRange     '0.8.2',
63 silly addNameRange     '0.8.3',
63 silly addNameRange     '0.9.0',
63 silly addNameRange     '0.8.4',
63 silly addNameRange     '0.9.1',
63 silly addNameRange     '0.8.5',
63 silly addNameRange     '0.9.2',
63 silly addNameRange     '0.9.2-dart',
63 silly addNameRange     '0.9.3',
63 silly addNameRange     '0.8.6',
63 silly addNameRange     '0.9.4',
63 silly addNameRange     '0.8.7',
63 silly addNameRange     '0.9.5',
63 silly addNameRange     '0.9.6',
63 silly addNameRange     '0.8.8',
63 silly addNameRange     '0.9.7',
63 silly addNameRange     '0.9.8',
63 silly addNameRange     '0.10.0',
63 silly addNameRange     '0.10.1',
63 silly addNameRange     '0.10.2',
63 silly addNameRange     '0.11.0',
63 silly addNameRange     '0.11.1',
63 silly addNameRange     '0.10.3',
63 silly addNameRange     '0.10.4',
63 silly addNameRange     '0.11.2',
63 silly addNameRange     '0.11.3',
63 silly addNameRange     '0.10.5',
63 silly addNameRange     '0.11.4',
63 silly addNameRange     '0.11.5',
63 silly addNameRange     '0.10.6',
63 silly addNameRange     '0.11.6',
63 silly addNameRange     '0.10.7',
63 silly addNameRange     '0.11.7',
63 silly addNameRange     '0.11.8',
63 silly addNameRange     '0.11.9',
63 silly addNameRange     '0.10.8',
63 silly addNameRange     '0.11.10',
63 silly addNameRange     '0.11.11',
63 silly addNameRange     '0.11.12',
63 silly addNameRange     '0.11.11-dev',
63 silly addNameRange     '0.10.9',
63 silly addNameRange     '0.11.12-dev',
63 silly addNameRange     '0.11.12-dev2',
63 silly addNameRange     '0.11.13',
63 silly addNameRange     '0.11.14',
63 silly addNameRange     '0.12.0',
63 silly addNameRange     '0.10.10',
63 silly addNameRange     '0.12.1',
63 silly addNameRange     '0.12.2',
63 silly addNameRange     '0.12.3',
63 silly addNameRange     '0.12.4',
63 silly addNameRange     '0.12.5',
63 silly addNameRange     '0.12.6',
63 silly addNameRange     '0.12.6-beta-43e6e28',
63 silly addNameRange     '0.12.7',
63 silly addNameRange     '0.12.8',
63 silly addNameRange     '0.12.9',
63 silly addNameRange     '0.12.10',
63 silly addNameRange     '0.12.11',
63 silly addNameRange     '0.12.12',
63 silly addNameRange     '0.12.11-beta-3029418',
63 silly addNameRange     '0.12.13',
63 silly addNameRange     '0.12.14',
63 silly addNameRange     '0.12.15',
63 silly addNameRange     '0.12.16',
63 silly addNameRange     '0.12.16-beta-905422d',
63 silly addNameRange     '0.12.17',
63 silly addNameRange     '0.12.18',
63 silly addNameRange     '0.12.19',
63 silly addNameRange     '0.12.20',
63 silly addNameRange     '0.12.21',
63 silly addNameRange     '0.12.22',
63 silly addNameRange     '0.12.23',
63 silly addNameRange     '0.12.24',
63 silly addNameRange     '0.12.24-beta-6cf7955',
63 silly addNameRange     '0.12.25',
63 silly addNameRange     '0.12.25-beta-37a7958',
63 silly addNameRange     '0.12.25-beta-ad5bc24',
63 silly addNameRange     '0.12.26',
63 silly addNameRange     '0.12.27',
63 silly addNameRange     '0.12.28',
63 silly addNameRange     '0.12.28-beta-b9be580',
63 silly addNameRange     '0.12.29',
63 silly addNameRange     '0.12.30',
63 silly addNameRange     '0.12.31',
63 silly addNameRange     '0.12.28-beta-f65c864',
63 silly addNameRange     '0.12.24-dev-test',
63 silly addNameRange     '0.12.24-dev-socketio10',
63 silly addNameRange     '0.12.24-dev-socketio10-2',
63 silly addNameRange     '0.12.32-beta.0',
63 silly addNameRange     '0.12.32',
63 silly addNameRange     '0.13.0-rc.0',
63 silly addNameRange     '0.12.33',
63 silly addNameRange     '0.13.0-rc.1',
63 silly addNameRange     '0.12.34',
63 silly addNameRange     '0.13.0-rc.2',
63 silly addNameRange     '0.12.35',
63 silly addNameRange     '0.13.0-rc.3',
63 silly addNameRange     '0.12.36',
63 silly addNameRange     '0.13.0-rc.4',
63 silly addNameRange     '0.12.37',
63 silly addNameRange     '0.13.0-rc.5',
63 silly addNameRange     '0.13.0-rc.6',
63 silly addNameRange     '0.13.0-rc.7',
63 silly addNameRange     '0.13.0-rc.8',
63 silly addNameRange     '0.13.0-rc.9',
63 silly addNameRange     '0.13.0',
63 silly addNameRange     '0.13.1',
63 silly addNameRange     '0.13.2',
63 silly addNameRange     '0.13.3',
63 silly addNameRange     '0.13.4',
63 silly addNameRange     '0.13.5',
63 silly addNameRange     '0.13.6',
63 silly addNameRange     '0.13.7',
63 silly addNameRange     '0.13.8',
63 silly addNameRange     '0.13.9',
63 silly addNameRange     '0.13.10',
63 silly addNameRange     '0.13.11',
63 silly addNameRange     '0.13.12',
63 silly addNameRange     '0.13.13',
63 silly addNameRange     '0.13.14',
63 silly addNameRange     '0.13.15',
63 silly addNameRange     '0.13.16',
63 silly addNameRange     '0.13.17',
63 silly addNameRange     '0.13.18',
63 silly addNameRange     '0.13.19',
63 silly addNameRange     '0.13.20',
63 silly addNameRange     '0.13.21',
63 silly addNameRange     '0.13.22',
63 silly addNameRange     '1.0.0',
63 silly addNameRange     '1.1.0' ] ]
64 verbose addNamed [ 'karma', '1.1.0' ]
65 verbose addNamed [ '1.1.0', '1.1.0' ]
66 silly lockFile 771d67fd-karma-1-1-0 karma@1.1.0
67 verbose lock karma@1.1.0 /home/csaldanha/.npm/771d67fd-karma-1-1-0.lock
68 silly lockFile c306f3cf--npmjs-org-karma-karma-1-1-0-tgz https://registry.npmjs.org/karma/-/karma-1.1.0.tgz
69 verbose lock https://registry.npmjs.org/karma/-/karma-1.1.0.tgz /home/csaldanha/.npm/c306f3cf--npmjs-org-karma-karma-1-1-0-tgz.lock
70 verbose addRemoteTarball [ 'https://registry.npmjs.org/karma/-/karma-1.1.0.tgz',
70 verbose addRemoteTarball   '6793b5c319c7af73f2b43d466f5093a3b9a01ab8' ]
71 info retry fetch attempt 1 at 20:30:54
72 verbose fetch to= /tmp/npm-12291-Uuy0OVR1/registry.npmjs.org/karma/-/karma-1.1.0.tgz
73 http GET https://registry.npmjs.org/karma/-/karma-1.1.0.tgz
74 http 200 https://registry.npmjs.org/karma/-/karma-1.1.0.tgz
75 silly lockFile c306f3cf--npmjs-org-karma-karma-1-1-0-tgz https://registry.npmjs.org/karma/-/karma-1.1.0.tgz
76 silly lockFile c306f3cf--npmjs-org-karma-karma-1-1-0-tgz https://registry.npmjs.org/karma/-/karma-1.1.0.tgz
77 silly lockFile 771d67fd-karma-1-1-0 karma@1.1.0
78 silly lockFile 771d67fd-karma-1-1-0 karma@1.1.0
79 silly lockFile cd7961bb-karma karma@
80 silly lockFile cd7961bb-karma karma@
81 silly resolved [ { name: 'grunt-cli',
81 silly resolved     description: 'The grunt command line interface',
81 silly resolved     version: '1.2.0',
81 silly resolved     author:
81 silly resolved      { name: 'Grunt Development Team',
81 silly resolved        url: 'http://gruntjs.com/development-team' },
81 silly resolved     repository:
81 silly resolved      { type: 'git',
81 silly resolved        url: 'git+https://github.com/gruntjs/grunt-cli.git' },
81 silly resolved     license: 'MIT',
81 silly resolved     engines: { node: '>=0.10.0' },
81 silly resolved     scripts: { test: 'node bin/grunt test' },
81 silly resolved     bin: { grunt: 'bin/grunt' },
81 silly resolved     dependencies:
81 silly resolved      { 'findup-sync': '~0.3.0',
81 silly resolved        'grunt-known-options': '~1.1.0',
81 silly resolved        nopt: '~3.0.6',
81 silly resolved        resolve: '~1.1.0' },
81 silly resolved     devDependencies: { grunt: '~0.4.5', 'grunt-contrib-jshint': '~1.0.0' },
81 silly resolved     files: [ 'bin', 'completion', 'lib' ],
81 silly resolved     appveyor_id: 'prp6g944b05jsq6d',
81 silly resolved     contributors: [ [Object], [Object], [Object], [Object] ],
81 silly resolved     gitHead: 'edd8bd29a72f2f28b63fe2629fcb7b9d9f2feb46',
81 silly resolved     bugs: { url: 'https://github.com/gruntjs/grunt-cli/issues' },
81 silly resolved     homepage: 'https://github.com/gruntjs/grunt-cli#readme',
81 silly resolved     _id: 'grunt-cli@1.2.0',
81 silly resolved     _shasum: '562b119ebb069ddb464ace2845501be97b35b6a8',
81 silly resolved     _from: 'grunt-cli@',
81 silly resolved     _npmVersion: '3.8.2',
81 silly resolved     _nodeVersion: '4.2.3',
81 silly resolved     _npmUser: { name: 'vladikoff', email: 'vlad@vladikoff.com' },
81 silly resolved     dist:
81 silly resolved      { shasum: '562b119ebb069ddb464ace2845501be97b35b6a8',
81 silly resolved        tarball: 'https://registry.npmjs.org/grunt-cli/-/grunt-cli-1.2.0.tgz' },
81 silly resolved     maintainers: [ [Object], [Object], [Object], [Object] ],
81 silly resolved     _npmOperationalInternal:
81 silly resolved      { host: 'packages-12-west.internal.npmjs.com',
81 silly resolved        tmp: 'tmp/grunt-cli-1.2.0.tgz_1459558434299_0.8824446983635426' },
81 silly resolved     directories: {},
81 silly resolved     _resolved: 'https://registry.npmjs.org/grunt-cli/-/grunt-cli-1.2.0.tgz',
81 silly resolved     readme: 'ERROR: No README data found!' },
81 silly resolved   { name: 'karma',
81 silly resolved     description: 'Spectacular Test Runner for JavaScript.',
81 silly resolved     homepage: 'http://karma-runner.github.io/',
81 silly resolved     repository: { type: 'git', url: 'git://github.com/karma-runner/karma.git' },
81 silly resolved     bugs: { url: 'https://github.com/karma-runner/karma/issues' },
81 silly resolved     keywords:
81 silly resolved      [ 'karma',
81 silly resolved        'spectacular',
81 silly resolved        'runner',
81 silly resolved        'karma',
81 silly resolved        'js',
81 silly resolved        'javascript',
81 silly resolved        'testing',
81 silly resolved        'test',
81 silly resolved        'remote',
81 silly resolved        'execution' ],
81 silly resolved     author: { name: 'Vojta Jína', email: 'vojta.jina@gmail.com' },
81 silly resolved     contributors:
81 silly resolved      [ [Object],
81 silly resolved        [Object],
81 silly resolved        [Object],
81 silly resolved        [Object],
81 silly resolved        [Object],
81 silly resolved        [Object],
81 silly resolved        [Object],
81 silly resolved        [Object],
81 silly resolved        [Object],
81 silly resolved        [Object],
81 silly resolved        [Object],
81 silly resolved        [Object],
81 silly resolved        [Object],
81 silly resolved        [Object],
81 silly resolved        [Object],
81 silly resolved        [Object],
81 silly resolved        [Object],
81 silly resolved        [Object],
81 silly resolved        [Object],
81 silly resolved        [Object],
81 silly resolved        [Object],
81 silly resolved        [Object],
81 silly resolved        [Object],
81 silly resolved        [Object],
81 silly resolved        [Object],
81 silly resolved        [Object],
81 silly resolved        [Object],
81 silly resolved        [Object],
81 silly resolved        [Object],
81 silly resolved        [Object],
81 silly resolved        [Object],
81 silly resolved        [Object],
81 silly resolved        [Object],
81 silly resolved        [Object],
81 silly resolved        [Object],
81 silly resolved        [Object],
81 silly resolved        [Object],
81 silly resolved        [Object],
81 silly resolved        [Object],
81 silly resolved        [Object],
81 silly resolved        [Object],
81 silly resolved        [Object],
81 silly resolved        [Object],
81 silly resolved        [Object],
81 silly resolved        [Object],
81 silly resolved        [Object],
81 silly resolved        [Object],
81 silly resolved        [Object],
81 silly resolved        [Object],
81 silly resolved        [Object],
81 silly resolved        [Object],
81 silly resolved        [Object],
81 silly resolved        [Object],
81 silly resolved        [Object],
81 silly resolved        [Object],
81 silly resolved        [Object],
81 silly resolved        [Object],
81 silly resolved        [Object],
81 silly resolved        [Object],
81 silly resolved        [Object],
81 silly resolved        [Object],
81 silly resolved        [Object],
81 silly resolved        [Object],
81 silly resolved        [Object],
81 silly resolved        [Object],
81 silly resolved        [Object],
81 silly resolved        [Object],
81 silly resolved        [Object],
81 silly resolved        [Object],
81 silly resolved        [Object],
81 silly resolved        [Object],
81 silly resolved        [Object],
81 silly resolved        [Object],
81 silly resolved        [Object],
81 silly resolved        [Object],
81 silly resolved        [Object],
81 silly resolved        [Object],
81 silly resolved        [Object],
81 silly resolved        [Object],
81 silly resolved        [Object],
81 silly resolved        [Object],
81 silly resolved        [Object],
81 silly resolved        [Object],
81 silly resolved        [Object],
81 silly resolved        [Object],
81 silly resolved        [Object],
81 silly resolved        [Object],
81 silly resolved        [Object],
81 silly resolved        [Object],
81 silly resolved        [Object],
81 silly resolved        [Object],
81 silly resolved        [Object],
81 silly resolved        [Object],
81 silly resolved        [Object],
81 silly resolved        [Object],
81 silly resolved        [Object],
81 silly resolved        [Object],
81 silly resolved        [Object],
81 silly resolved        [Object],
81 silly resolved        [Object],
81 silly resolved        [Object],
81 silly resolved        [Object],
81 silly resolved        [Object],
81 silly resolved        [Object],
81 silly resolved        [Object],
81 silly resolved        [Object],
81 silly resolved        [Object],
81 silly resolved        [Object],
81 silly resolved        [Object],
81 silly resolved        [Object],
81 silly resolved        [Object],
81 silly resolved        [Object],
81 silly resolved        [Object],
81 silly resolved        [Object],
81 silly resolved        [Object],
81 silly resolved        [Object],
81 silly resolved        [Object],
81 silly resolved        [Object],
81 silly resolved        [Object],
81 silly resolved        [Object],
81 silly resolved        [Object],
81 silly resolved        [Object],
81 silly resolved        [Object],
81 silly resolved        [Object],
81 silly resolved        [Object],
81 silly resolved        [Object],
81 silly resolved        [Object],
81 silly resolved        [Object],
81 silly resolved        [Object],
81 silly resolved        [Object],
81 silly resolved        [Object],
81 silly resolved        [Object],
81 silly resolved        [Object],
81 silly resolved        [Object],
81 silly resolved        [Object],
81 silly resolved        [Object],
81 silly resolved        [Object],
81 silly resolved        [Object],
81 silly resolved        [Object],
81 silly resolved        [Object],
81 silly resolved        [Object],
81 silly resolved        [Object],
81 silly resolved        [Object],
81 silly resolved        [Object],
81 silly resolved        [Object],
81 silly resolved        [Object],
81 silly resolved        [Object],
81 silly resolved        [Object],
81 silly resolved        [Object],
81 silly resolved        [Object],
81 silly resolved        [Object],
81 silly resolved        [Object],
81 silly resolved        [Object],
81 silly resolved        [Object],
81 silly resolved        [Object],
81 silly resolved        [Object],
81 silly resolved        [Object],
81 silly resolved        [Object],
81 silly resolved        [Object],
81 silly resolved        [Object],
81 silly resolved        [Object],
81 silly resolved        [Object],
81 silly resolved        [Object],
81 silly resolved        [Object],
81 silly resolved        [Object],
81 silly resolved        [Object],
81 silly resolved        [Object],
81 silly resolved        [Object],
81 silly resolved        [Object],
81 silly resolved        [Object],
81 silly resolved        [Object],
81 silly resolved        [Object],
81 silly resolved        [Object],
81 silly resolved        [Object],
81 silly resolved        [Object],
81 silly resolved        [Object],
81 silly resolved        [Object],
81 silly resolved        [Object],
81 silly resolved        [Object],
81 silly resolved        [Object],
81 silly resolved        [Object],
81 silly resolved        [Object],
81 silly resolved        [Object],
81 silly resolved        [Object],
81 silly resolved        [Object],
81 silly resolved        [Object],
81 silly resolved        [Object],
81 silly resolved        [Object],
81 silly resolved        [Object],
81 silly resolved        [Object],
81 silly resolved        [Object],
81 silly resolved        [Object],
81 silly resolved        [Object],
81 silly resolved        [Object],
81 silly resolved        [Object],
81 silly resolved        [Object],
81 silly resolved        [Object],
81 silly resolved        [Object],
81 silly resolved        [Object],
81 silly resolved        [Object],
81 silly resolved        [Object],
81 silly resolved        [Object],
81 silly resolved        [Object],
81 silly resolved        [Object],
81 silly resolved        [Object],
81 silly resolved        [Object],
81 silly resolved        [Object],
81 silly resolved        [Object],
81 silly resolved        [Object],
81 silly resolved        [Object],
81 silly resolved        [Object],
81 silly resolved        [Object],
81 silly resolved        [Object],
81 silly resolved        [Object],
81 silly resolved        [Object],
81 silly resolved        [Object],
81 silly resolved        [Object],
81 silly resolved        [Object],
81 silly resolved        [Object],
81 silly resolved        [Object],
81 silly resolved        [Object],
81 silly resolved        [Object],
81 silly resolved        [Object],
81 silly resolved        [Object],
81 silly resolved        [Object],
81 silly resolved        [Object],
81 silly resolved        [Object],
81 silly resolved        [Object],
81 silly resolved        [Object],
81 silly resolved        [Object],
81 silly resolved        [Object],
81 silly resolved        [Object],
81 silly resolved        [Object],
81 silly resolved        [Object],
81 silly resolved        [Object],
81 silly resolved        [Object],
81 silly resolved        [Object],
81 silly resolved        [Object],
81 silly resolved        [Object],
81 silly resolved        [Object],
81 silly resolved        [Object],
81 silly resolved        [Object],
81 silly resolved        [Object],
81 silly resolved        [Object],
81 silly resolved        [Object],
81 silly resolved        [Object],
81 silly resolved        [Object],
81 silly resolved        [Object],
81 silly resolved        [Object],
81 silly resolved        [Object],
81 silly resolved        [Object],
81 silly resolved        [Object],
81 silly resolved        [Object],
81 silly resolved        [Object],
81 silly resolved        [Object],
81 silly resolved        [Object],
81 silly resolved        [Object],
81 silly resolved        [Object] ],
81 silly resolved     dependencies:
81 silly resolved      { bluebird: '^3.3.0',
81 silly resolved        'body-parser': '^1.12.4',
81 silly resolved        chokidar: '^1.4.1',
81 silly resolved        colors: '^1.1.0',
81 silly resolved        'combine-lists': '^1.0.0',
81 silly resolved        connect: '^3.3.5',
81 silly resolved        'core-js': '^2.2.0',
81 silly resolved        di: '^0.0.1',
81 silly resolved        'dom-serialize': '^2.2.0',
81 silly resolved        'expand-braces': '^0.1.1',
81 silly resolved        glob: '^7.0.3',
81 silly resolved        'graceful-fs': '^4.1.2',
81 silly resolved        'http-proxy': '^1.13.0',
81 silly resolved        isbinaryfile: '^3.0.0',
81 silly resolved        lodash: '^3.8.0',
81 silly resolved        log4js: '^0.6.31',
81 silly resolved        mime: '^1.3.4',
81 silly resolved        minimatch: '^3.0.0',
81 silly resolved        optimist: '^0.6.1',
81 silly resolved        qjobs: '^1.1.4',
81 silly resolved        rimraf: '^2.3.3',
81 silly resolved        'socket.io': '1.4.7',
81 silly resolved        'source-map': '^0.5.3',
81 silly resolved        tmp: '0.0.28',
81 silly resolved        useragent: '^2.1.9' },
81 silly resolved     devDependencies:
81 silly resolved      { LiveScript: '^1.3.0',
81 silly resolved        babel: '^6.5.2',
81 silly resolved        'babel-preset-es2015': '^6.9.0',
81 silly resolved        'babel-register': '^6.9.0',
81 silly resolved        chai: '^3.3.0',
81 silly resolved        'chai-as-promised': '^5.0.0',
81 silly resolved        'chai-subset': '^1.2.2',
81 silly resolved        'coffee-script': '^1.9.2',
81 silly resolved        cucumber: '^1.2.0',
81 silly resolved        eslint: '^2.3.0',
81 silly resolved        'eslint-config-standard': '^5.1.0',
81 silly resolved        'eslint-plugin-promise': '^1.0.8',
81 silly resolved        'eslint-plugin-react': '^5.1.1',
81 silly resolved        'eslint-plugin-standard': '^1.3.1',
81 silly resolved        ghooks: '^1.1.0',
81 silly resolved        grunt: '^1.0.0',
81 silly resolved        'grunt-auto-release': '^0.0.6',
81 silly resolved        'grunt-browserify': '^5.0.0',
81 silly resolved        'grunt-bump': '^0.8.0',
81 silly resolved        'grunt-cli': '^1.1.0',
81 silly resolved        'grunt-contrib-watch': '^1.0.0',
81 silly resolved        'grunt-conventional-changelog': '^6.0.1',
81 silly resolved        'grunt-conventional-github-releaser': '^1.0.0',
81 silly resolved        'grunt-cucumberjs': '^0.10.2',
81 silly resolved        'grunt-eslint': '^18.0.0',
81 silly resolved        'grunt-mocha-test': '^0.12.7',
81 silly resolved        'grunt-npm': '0.0.2',
81 silly resolved        'jasmine-core': '^2.3.4',
81 silly resolved        json3: '^3.3.2',
81 silly resolved        'karma-browserify': '^5.0.1',
81 silly resolved        'karma-browserstack-launcher': '^1.0.0',
81 silly resolved        'karma-chai': '^0.1.0',
81 silly resolved        'karma-chrome-launcher': '*',
81 silly resolved        'karma-coffee-preprocessor': '*',
81 silly resolved        'karma-commonjs': '*',
81 silly resolved        'karma-coverage': '*',
81 silly resolved        'karma-firefox-launcher': '*',
81 silly resolved        'karma-growl-reporter': '*',
81 silly resolved        'karma-html2js-preprocessor': '*',
81 silly resolved        'karma-jasmine': '^1.0.2',
81 silly resolved        'karma-junit-reporter': '*',
81 silly resolved        'karma-live-preprocessor': '*',
81 silly resolved        'karma-mocha': '^1.0.1',
81 silly resolved        'karma-mocha-reporter': '^2.0.0',
81 silly resolved        'karma-ng-scenario': '*',
81 silly resolved        'karma-phantomjs-launcher': '*',
81 silly resolved        'karma-qunit': '*',
81 silly resolved        'karma-requirejs': '*',
81 silly resolved        'karma-sauce-launcher': '*',
81 silly resolved        'karma-script-launcher': '^1.0.0',
81 silly resolved        'load-grunt-tasks': '^3.1.0',
81 silly resolved        mkdirp: '^0.5.0',
81 silly resolved        mocha: '^2.4.1',
81 silly resolved        mocks: '^0.0.15',
81 silly resolved        'phantomjs-prebuilt': '^2.1.3',
81 silly resolved        proxyquire: '^1.5.0',
81 silly resolved        qunitjs: '^1.21.0',
81 silly resolved        requirejs: '^2.1.20',
81 silly resolved        sinon: '^1.17.2',
81 silly resolved        'sinon-chai': '^2.7.0',
81 silly resolved        supertest: '^1.0.1',
81 silly resolved        'supertest-as-promised': '^3.0.0',
81 silly resolved        'timer-shim': '^0.3.0',
81 silly resolved        'validate-commit-msg': '^2.4.1',
81 silly resolved        which: '^1.1.1' },
81 silly resolved     main: './lib/index',
81 silly resolved     bin: { karma: './bin/karma' },
81 silly resolved     engines: { node: '0.10 || 0.12 || 4 || 5 || 6' },
81 silly resolved     version: '1.1.0',
81 silly resolved     license: 'MIT',
81 silly resolved     scripts:
81 silly resolved      { lint: 'grunt lint',
81 silly resolved        test: 'grunt test',
81 silly resolved        build: 'grunt build',
81 silly resolved        'test:appveyor': 'grunt test-appveyor',
81 silly resolved        'test:integration': './scripts/integration-tests.sh',
81 silly resolved        link: 'node --eval "path=require(\'path\'); require(\'fs\').symlinkSync(path.resolve(__dirname), path.resolve(__dirname, \'node_modules\', \'karma\'), \'junction\')"',
81 silly resolved        unlink: 'node --eval "require(\'fs\').unlinkSync(require(\'path\').resolve(__dirname, \'node_modules\', \'karma\'))"',
81 silly resolved        init: 'rm -rf node_modules/karma && cd node_modules && ln -nsf ../ karma && cd ../',
81 silly resolved        'init:windows': '(IF EXIST node_modules\\karma (rmdir node_modules\\karma /S /q)) && npm run link',
81 silly resolved        appveyor: 'npm run lint && npm run build && npm run test:appveyor',
81 silly resolved        travis: 'npm run lint && npm run build && npm test && npm run test:integration' },
81 silly resolved     config: { ghooks: [Object] },
81 silly resolved     gitHead: '419b91808da24c2a5f2ff26381d3f7a7d647e6f9',
81 silly resolved     _id: 'karma@1.1.0',
81 silly resolved     _shasum: '6793b5c319c7af73f2b43d466f5093a3b9a01ab8',
81 silly resolved     _from: 'karma@',
81 silly resolved     _npmVersion: '3.8.9',
81 silly resolved     _nodeVersion: '6.2.0',
81 silly resolved     _npmUser: { name: 'dignifiedquire', email: 'dignifiedquire@gmail.com' },
81 silly resolved     dist:
81 silly resolved      { shasum: '6793b5c319c7af73f2b43d466f5093a3b9a01ab8',
81 silly resolved        tarball: 'https://registry.npmjs.org/karma/-/karma-1.1.0.tgz' },
81 silly resolved     maintainers: [ [Object], [Object], [Object], [Object] ],
81 silly resolved     _npmOperationalInternal:
81 silly resolved      { host: 'packages-16-east.internal.npmjs.com',
81 silly resolved        tmp: 'tmp/karma-1.1.0.tgz_1466964865759_0.5650422070175409' },
81 silly resolved     directories: {},
81 silly resolved     _resolved: 'https://registry.npmjs.org/karma/-/karma-1.1.0.tgz' } ]
82 info install grunt-cli@1.2.0 into /usr/lib
83 info install karma@1.1.0 into /usr/lib
84 info installOne grunt-cli@1.2.0
85 info installOne karma@1.1.0
86 verbose lib/node_modules/grunt-cli unbuild
87 verbose tar unpack /home/csaldanha/.npm/grunt-cli/1.2.0/package.tgz
88 silly lockFile 2107e595-r-usr-lib-node-modules-grunt-cli tar:///usr/lib/node_modules/grunt-cli
89 verbose lock tar:///usr/lib/node_modules/grunt-cli /home/csaldanha/.npm/2107e595-r-usr-lib-node-modules-grunt-cli.lock
90 silly lockFile 16ba7064--npm-grunt-cli-1-2-0-package-tgz tar:///home/csaldanha/.npm/grunt-cli/1.2.0/package.tgz
91 verbose lock tar:///home/csaldanha/.npm/grunt-cli/1.2.0/package.tgz /home/csaldanha/.npm/16ba7064--npm-grunt-cli-1-2-0-package-tgz.lock
92 verbose lib/node_modules/karma unbuild
93 silly gunzTarPerm modes [ '775', '664' ]
94 verbose tar unpack /home/csaldanha/.npm/karma/1.1.0/package.tgz
95 silly lockFile 4af54543-tar-usr-lib-node-modules-karma tar:///usr/lib/node_modules/karma
96 verbose lock tar:///usr/lib/node_modules/karma /home/csaldanha/.npm/4af54543-tar-usr-lib-node-modules-karma.lock
97 silly lockFile f52ab117-anha-npm-karma-1-1-0-package-tgz tar:///home/csaldanha/.npm/karma/1.1.0/package.tgz
98 verbose lock tar:///home/csaldanha/.npm/karma/1.1.0/package.tgz /home/csaldanha/.npm/f52ab117-anha-npm-karma-1-1-0-package-tgz.lock
99 silly gunzTarPerm modes [ '775', '664' ]
100 error Error: EACCES, mkdir '/usr/lib/node_modules/grunt-cli'
100 error  { [Error: EACCES, mkdir '/usr/lib/node_modules/grunt-cli']
100 error   errno: 3,
100 error   code: 'EACCES',
100 error   path: '/usr/lib/node_modules/grunt-cli',
100 error   fstream_type: 'Directory',
100 error   fstream_path: '/usr/lib/node_modules/grunt-cli',
100 error   fstream_class: 'DirWriter',
100 error   fstream_stack:
100 error    [ '/usr/lib/node_modules/npm/node_modules/fstream/lib/dir-writer.js:36:23',
100 error      '/usr/lib/node_modules/npm/node_modules/mkdirp/index.js:46:53',
100 error      'Object.oncomplete (fs.js:108:15)' ] }
101 error Please try running this command again as root/Administrator.
102 error System Linux 4.2.0-35-generic
103 error command "/usr/bin/node" "/usr/bin/npm" "install" "-g" "grunt-cli" "karma"
104 error cwd /home/csaldanha/projects/ros3djs/utils
105 error node -v v0.10.37
106 error npm -v 1.4.28
107 error path /usr/lib/node_modules/grunt-cli
108 error fstream_path /usr/lib/node_modules/grunt-cli
109 error fstream_type Directory
110 error fstream_class DirWriter
111 error code EACCES
112 error errno 3
113 error stack Error: EACCES, mkdir '/usr/lib/node_modules/grunt-cli'
114 error fstream_stack /usr/lib/node_modules/npm/node_modules/fstream/lib/dir-writer.js:36:23
114 error fstream_stack /usr/lib/node_modules/npm/node_modules/mkdirp/index.js:46:53
114 error fstream_stack Object.oncomplete (fs.js:108:15)
115 verbose exit [ 3, true ]
